Performing C SOURCE FILE Test CMAKE_HAVE_LIBC_PTHREAD failed with the following output:
Change Dir: /home/lk/github/openenclave_ml_poc/build/CMakeFiles/CMakeTmp

Run Build Command(s):/usr/bin/make cmTC_34923/fast && /usr/bin/make -f CMakeFiles/cmTC_34923.dir/build.make CMakeFiles/cmTC_34923.dir/build
make[1]: Entering directory '/home/lk/github/openenclave_ml_poc/build/CMakeFiles/CMakeTmp'
Building C object CMakeFiles/cmTC_34923.dir/src.c.o
/usr/bin/cc   -DCMAKE_HAVE_LIBC_PTHREAD   -std=gnu11 -o CMakeFiles/cmTC_34923.dir/src.c.o   -c /home/lk/github/openenclave_ml_poc/build/CMakeFiles/CMakeTmp/src.c
Linking C executable cmTC_34923
/usr/bin/cmake -E cmake_link_script CMakeFiles/cmTC_34923.dir/link.txt --verbose=1
/usr/bin/cc  -DCMAKE_HAVE_LIBC_PTHREAD    CMakeFiles/cmTC_34923.dir/src.c.o  -o cmTC_34923 
/usr/bin/ld: CMakeFiles/cmTC_34923.dir/src.c.o: in function `main':
src.c:(.text+0x46): undefined reference to `pthread_create'
/usr/bin/ld: src.c:(.text+0x52): undefined reference to `pthread_detach'
/usr/bin/ld: src.c:(.text+0x5e): undefined reference to `pthread_cancel'
/usr/bin/ld: src.c:(.text+0x6f): undefined reference to `pthread_join'
collect2: error: ld returned 1 exit status
make[1]: *** [CMakeFiles/cmTC_34923.dir/build.make:104: cmTC_34923] Error 1
make[1]: Leaving directory '/home/lk/github/openenclave_ml_poc/build/CMakeFiles/CMakeTmp'
make: *** [Makefile:138: cmTC_34923/fast] Error 2


Source file was:
#include <pthread.h>

void* test_func(void* data)
{
  return data;
}

int main(void)
{
  pthread_t thread;
  pthread_create(&thread, NULL, test_func, NULL);
  pthread_detach(thread);
  pthread_cancel(thread);
  pthread_join(thread, NULL);
  pthread_atfork(NULL, NULL, NULL);
  pthread_exit(NULL);

  return 0;
}

Determining if the function pthread_create exists in the pthreads failed with the following output:
Change Dir: /home/lk/github/openenclave_ml_poc/build/CMakeFiles/CMakeTmp

Run Build Command(s):/usr/bin/make cmTC_7267b/fast && /usr/bin/make -f CMakeFiles/cmTC_7267b.dir/build.make CMakeFiles/cmTC_7267b.dir/build
make[1]: Entering directory '/home/lk/github/openenclave_ml_poc/build/CMakeFiles/CMakeTmp'
Building C object CMakeFiles/cmTC_7267b.dir/CheckFunctionExists.c.o
/usr/bin/cc   -DCHECK_FUNCTION_EXISTS=pthread_create   -std=gnu11 -o CMakeFiles/cmTC_7267b.dir/CheckFunctionExists.c.o   -c /usr/share/cmake-3.17/Modules/CheckFunctionExists.c
Linking C executable cmTC_7267b
/usr/bin/cmake -E cmake_link_script CMakeFiles/cmTC_7267b.dir/link.txt --verbose=1
/usr/bin/cc  -DCHECK_FUNCTION_EXISTS=pthread_create    CMakeFiles/cmTC_7267b.dir/CheckFunctionExists.c.o  -o cmTC_7267b  -lpthreads 
/usr/bin/ld: cannot find -lpthreads
collect2: error: ld returned 1 exit status
make[1]: *** [CMakeFiles/cmTC_7267b.dir/build.make:104: cmTC_7267b] Error 1
make[1]: Leaving directory '/home/lk/github/openenclave_ml_poc/build/CMakeFiles/CMakeTmp'
make: *** [Makefile:138: cmTC_7267b/fast] Error 2



Performing C SOURCE FILE Test OE_SPECTRE_MITIGATION_C_FLAGS_SUPPORTED failed with the following output:
Change Dir: /home/lk/github/openenclave_ml_poc/build/CMakeFiles/CMakeTmp

Run Build Command(s):/usr/bin/make cmTC_708c7/fast && /usr/bin/make -f CMakeFiles/cmTC_708c7.dir/build.make CMakeFiles/cmTC_708c7.dir/build
make[1]: Entering directory '/home/lk/github/openenclave_ml_poc/build/CMakeFiles/CMakeTmp'
Building C object CMakeFiles/cmTC_708c7.dir/src.c.o
/usr/bin/cc   -DOE_SPECTRE_MITIGATION_C_FLAGS_SUPPORTED   -mllvm -x86-speculative-load-hardening -std=gnu11 -o CMakeFiles/cmTC_708c7.dir/src.c.o   -c /home/lk/github/openenclave_ml_poc/build/CMakeFiles/CMakeTmp/src.c
cc: error: unrecognized command line option '-mllvm'
make[1]: *** [CMakeFiles/cmTC_708c7.dir/build.make:83: CMakeFiles/cmTC_708c7.dir/src.c.o] Error 1
make[1]: Leaving directory '/home/lk/github/openenclave_ml_poc/build/CMakeFiles/CMakeTmp'
make: *** [Makefile:138: cmTC_708c7/fast] Error 2


Source file was:
int main(void) { return 0; }
Performing C++ SOURCE FILE Test OE_SPECTRE_MITIGATION_CXX_FLAGS_SUPPORTED failed with the following output:
Change Dir: /home/lk/github/openenclave_ml_poc/build/CMakeFiles/CMakeTmp

Run Build Command(s):/usr/bin/make cmTC_695a8/fast && /usr/bin/make -f CMakeFiles/cmTC_695a8.dir/build.make CMakeFiles/cmTC_695a8.dir/build
make[1]: Entering directory '/home/lk/github/openenclave_ml_poc/build/CMakeFiles/CMakeTmp'
Building CXX object CMakeFiles/cmTC_695a8.dir/src.cxx.o
/usr/bin/c++    -DOE_SPECTRE_MITIGATION_CXX_FLAGS_SUPPORTED   -mllvm -x86-speculative-load-hardening -std=gnu++17 -o CMakeFiles/cmTC_695a8.dir/src.cxx.o -c /home/lk/github/openenclave_ml_poc/build/CMakeFiles/CMakeTmp/src.cxx
c++: error: unrecognized command line option '-mllvm'
make[1]: *** [CMakeFiles/cmTC_695a8.dir/build.make:83: CMakeFiles/cmTC_695a8.dir/src.cxx.o] Error 1
make[1]: Leaving directory '/home/lk/github/openenclave_ml_poc/build/CMakeFiles/CMakeTmp'
make: *** [Makefile:138: cmTC_695a8/fast] Error 2


Source file was:
int main() { return 0; }
